<?xml version="1.0" encoding="utf-8"?><testsuites name="pytest tests"><testsuite name="pytest" errors="0" failures="0" skipped="0" tests="25" time="3.061" timestamp="2026-05-05T10:41:47.928653+00:00" hostname="agent-env-4e4a50ae-d4fd-4ba3-8174-127ca926793d"><testcase classname="backend.tests.backend_test.TestPublic" name="test_health" time="0.269" /><testcase classname="backend.tests.backend_test.TestPublic" name="test_content" time="0.052" /><testcase classname="backend.tests.backend_test.TestPublic" name="test_enquiry_with_other_brand_and_custom_model" time="0.054" /><testcase classname="backend.tests.backend_test.TestPublic" name="test_booking_with_other_brand_and_custom_model" time="0.075" /><testcase classname="backend.tests.backend_test.TestPublic" name="test_enquiry_create" time="0.052" /><testcase classname="backend.tests.backend_test.TestPublic" name="test_enquiry_missing_fields" time="0.054" /><testcase classname="backend.tests.backend_test.TestPublic" name="test_booking_create" time="0.055" /><testcase classname="backend.tests.backend_test.TestPublic" name="test_booking_missing_fields" time="0.049" /><testcase classname="backend.tests.backend_test.TestAdminAuth" name="test_login_success" time="0.279" /><testcase classname="backend.tests.backend_test.TestAdminAuth" name="test_login_wrong_password" time="0.274" /><testcase classname="backend.tests.backend_test.TestAdminAuth" name="test_login_unknown_user" time="0.047" /><testcase classname="backend.tests.backend_test.TestAdminAuth" name="test_enquiries_requires_auth" time="0.053" /><testcase classname="backend.tests.backend_test.TestAdminAuth" name="test_bookings_requires_auth" time="0.048" /><testcase classname="backend.tests.backend_test.TestAdminData" name="test_list_enquiries" time="0.334" /><testcase classname="backend.tests.backend_test.TestAdminData" name="test_list_bookings" time="0.049" /><testcase classname="backend.tests.backend_test.TestAdminData" name="test_stats" time="0.048" /><testcase classname="backend.tests.backend_test.TestAdminData" name="test_invalid_token" time="0.049" /><testcase classname="backend.tests.backend_test.TestStatusUpdates" name="test_patch_enquiry_status_unauth" time="0.096" /><testcase classname="backend.tests.backend_test.TestStatusUpdates" name="test_patch_enquiry_status_invalid" time="0.097" /><testcase classname="backend.tests.backend_test.TestStatusUpdates" name="test_patch_enquiry_status_not_found" time="0.049" /><testcase classname="backend.tests.backend_test.TestStatusUpdates" name="test_patch_enquiry_status_success_and_persist" time="0.464" /><testcase classname="backend.tests.backend_test.TestStatusUpdates" name="test_patch_booking_status_unauth" time="0.099" /><testcase classname="backend.tests.backend_test.TestStatusUpdates" name="test_patch_booking_status_invalid" time="0.098" /><testcase classname="backend.tests.backend_test.TestStatusUpdates" name="test_patch_booking_status_not_found" time="0.074" /><testcase classname="backend.tests.backend_test.TestStatusUpdates" name="test_patch_booking_status_success_and_persist" time="0.154" /></testsuite></testsuites>